2018/10/20-04:39 [Thread-148] INFO  org.springframework.boot.web.servlet.context.AnnotationConfigServletWebServerApplicationContext- Closing org.springframework.boot.web.servlet.context.AnnotationConfigServletWebServerApplicationContext@11baa61f: startup date [Fri Oct 19 23:55:48 CST 2018]; root of context hierarchy
 2018/10/20-04:39 [Thread-148] INFO  org.springframework.jmx.export.annotation.AnnotationMBeanExporter- Unregistering JMX-exposed beans on shutdown
 2018/10/20-04:39 [Thread-148] INFO  org.springframework.jmx.export.annotation.AnnotationMBeanExporter- Unregistering JMX-exposed beans
 2018/10/20-04:39 [Thread-148] INFO  com.alibaba.druid.pool.DruidDataSource- {dataSource-25} closed
 2018/10/20-04:39 [restartedMain] INFO  cn.com.wmc.SpringbootRedisApplication- Starting SpringbootRedisApplication on cec-PC with PID 26492 (D:\eclipsework\springboot-redis\target\classes started by cec in D:\eclipsework\springboot-redis)
 2018/10/20-04:39 [restartedMain] INFO  cn.com.wmc.SpringbootRedisApplication- No active profile set, falling back to default profiles: default
 2018/10/20-04:39 [restartedMain] INFO  org.springframework.boot.web.servlet.context.AnnotationConfigServletWebServerApplicationContext- Refreshing org.springframework.boot.web.servlet.context.AnnotationConfigServletWebServerApplicationContext@4a271f7b: startup date [Sat Oct 20 04:39:30 CST 2018]; root of context hierarchy
 2018/10/20-04:39 [restartedMain] INFO  org.springframework.data.repository.config.RepositoryConfigurationDelegate- Multiple Spring Data modules found, entering strict repository configuration mode!
 2018/10/20-04:39 [restartedMain] INFO  org.springframework.context.support.PostProcessorRegistrationDelegate$BeanPostProcessorChecker- Bean 'org.springframework.transaction.annotation.ProxyTransactionManagementConfiguration' of type [org.springframework.transaction.annotation.ProxyTransactionManagementConfiguration$$EnhancerBySpringCGLIB$$d1ec161] is not eligible for getting processed by all BeanPostProcessors (for example: not eligible for auto-proxying)
 2018/10/20-04:39 [restartedMain] INFO  org.springframework.boot.web.embedded.tomcat.TomcatWebServer- Tomcat initialized with port(s): 8088 (http)
 2018/10/20-04:39 [restartedMain] INFO  org.apache.catalina.core.StandardService- Starting service [Tomcat]
 2018/10/20-04:39 [restartedMain] INFO  org.apache.catalina.core.StandardEngine- Starting Servlet Engine: Apache Tomcat/8.5.34
 2018/10/20-04:39 [localhost-startStop-1] INFO  org.apache.jasper.servlet.TldScanner- At least one JAR was scanned for TLDs yet contained no TLDs. Enable debug logging for this logger for a complete list of JARs that were scanned but no TLDs were found in them. Skipping unneeded JARs during scanning can improve startup time and JSP compilation time.
 2018/10/20-04:39 [localhost-startStop-1] INFO  org.apache.catalina.core.ContainerBase.[Tomcat].[localhost].[/]- Initializing Spring embedded WebApplicationContext
 2018/10/20-04:39 [localhost-startStop-1] INFO  org.springframework.web.context.ContextLoader- Root WebApplicationContext: initialization completed in 1144 ms
 2018/10/20-04:39 [localhost-startStop-1] INFO  org.springframework.boot.web.servlet.ServletRegistrationBean- Servlet dispatcherServlet mapped to [/]
 2018/10/20-04:39 [localhost-startStop-1] INFO  org.springframework.boot.web.servlet.ServletRegistrationBean- Servlet statViewServlet mapped to [/druid/*]
 2018/10/20-04:39 [localhost-startStop-1] INFO  org.springframework.boot.web.servlet.FilterRegistrationBean- Mapping filter: 'characterEncodingFilter' to: [/*]
 2018/10/20-04:39 [localhost-startStop-1] INFO  org.springframework.boot.web.servlet.FilterRegistrationBean- Mapping filter: 'hiddenHttpMethodFilter' to: [/*]
 2018/10/20-04:39 [localhost-startStop-1] INFO  org.springframework.boot.web.servlet.FilterRegistrationBean- Mapping filter: 'httpPutFormContentFilter' to: [/*]
 2018/10/20-04:39 [localhost-startStop-1] INFO  org.springframework.boot.web.servlet.FilterRegistrationBean- Mapping filter: 'requestContextFilter' to: [/*]
 2018/10/20-04:39 [localhost-startStop-1] INFO  org.springframework.boot.web.servlet.FilterRegistrationBean- Mapping filter: 'webStatFilter' to urls: [/*]
 2018/10/20-04:39 [restartedMain] INFO  com.alibaba.druid.spring.boot.autoconfigure.DruidDataSourceAutoConfigure- Init DruidDataSource
 2018/10/20-04:39 [restartedMain] INFO  com.alibaba.druid.pool.DruidDataSource- {dataSource-26} inited
 2018/10/20-04:39 [restartedMain] INFO  org.springframework.web.servlet.handler.SimpleUrlHandlerMapping- Mapped URL path [/**/favicon.ico] onto handler of type [class org.springframework.web.servlet.resource.ResourceHttpRequestHandler]
 2018/10/20-04:39 [restartedMain] INFO  org.springframework.web.servlet.mvc.method.annotation.RequestMappingHandlerAdapter- Looking for @ControllerAdvice: org.springframework.boot.web.servlet.context.AnnotationConfigServletWebServerApplicationContext@4a271f7b: startup date [Sat Oct 20 04:39:30 CST 2018]; root of context hierarchy
 2018/10/20-04:39 [restartedMain] INFO  org.springframework.web.servlet.mvc.method.annotation.RequestMappingHandlerMapping- Mapped "{[/prescriptionController/update]}" onto public java.lang.String cn.com.wmc.controller.PrescriptionController.update(cn.com.wmc.entity.PrescriptionVO)
 2018/10/20-04:39 [restartedMain] INFO  org.springframework.web.servlet.mvc.method.annotation.RequestMappingHandlerMapping- Mapped "{[/prescriptionController/delete]}" onto public java.lang.String cn.com.wmc.controller.PrescriptionController.delete(java.lang.Integer)
 2018/10/20-04:39 [restartedMain] INFO  org.springframework.web.servlet.mvc.method.annotation.RequestMappingHandlerMapping- Mapped "{[/prescriptionController/list]}" onto public java.lang.String cn.com.wmc.controller.PrescriptionController.list(java.util.Map<java.lang.String, java.lang.Object>,javax.servlet.http.HttpServletRequest)
 2018/10/20-04:39 [restartedMain] INFO  org.springframework.web.servlet.mvc.method.annotation.RequestMappingHandlerMapping- Mapped "{[/prescriptionController/index]}" onto public java.lang.String cn.com.wmc.controller.PrescriptionController.list()
 2018/10/20-04:39 [restartedMain] INFO  org.springframework.web.servlet.mvc.method.annotation.RequestMappingHandlerMapping- Mapped "{[/prescriptionController/save]}" onto public java.lang.String cn.com.wmc.controller.PrescriptionController.save(cn.com.wmc.entity.PrescriptionVO)
 2018/10/20-04:39 [restartedMain] INFO  org.springframework.web.servlet.mvc.method.annotation.RequestMappingHandlerMapping- Mapped "{[/prescriptionController/info]}" onto public cn.com.wmc.entity.PrescriptionVO cn.com.wmc.controller.PrescriptionController.info(java.lang.Integer)
 2018/10/20-04:39 [restartedMain] INFO  org.springframework.web.servlet.mvc.method.annotation.RequestMappingHandlerMapping- Mapped "{[/prescriptionController/ttt]}" onto public java.lang.String cn.com.wmc.controller.PrescriptionController.adddd()
 2018/10/20-04:39 [restartedMain] INFO  org.springframework.web.servlet.mvc.method.annotation.RequestMappingHandlerMapping- Mapped "{[/prescriptionController/deletes]}" onto public java.lang.String cn.com.wmc.controller.PrescriptionController.deletes(java.lang.Integer[])
 2018/10/20-04:39 [restartedMain] INFO  org.springframework.web.servlet.mvc.method.annotation.RequestMappingHandlerMapping- Mapped "{[/error]}" onto public org.springframework.http.ResponseEntity<java.util.Map<java.lang.String, java.lang.Object>> org.springframework.boot.autoconfigure.web.servlet.error.BasicErrorController.error(javax.servlet.http.HttpServletRequest)
 2018/10/20-04:39 [restartedMain] INFO  org.springframework.web.servlet.mvc.method.annotation.RequestMappingHandlerMapping- Mapped "{[/error],produces=[text/html]}" onto public org.springframework.web.servlet.ModelAndView org.springframework.boot.autoconfigure.web.servlet.error.BasicErrorController.errorHtml(javax.servlet.http.HttpServletRequest,javax.servlet.http.HttpServletResponse)
 2018/10/20-04:39 [restartedMain] INFO  org.springframework.web.servlet.handler.SimpleUrlHandlerMapping- Mapped URL path [/webjars/**] onto handler of type [class org.springframework.web.servlet.resource.ResourceHttpRequestHandler]
 2018/10/20-04:39 [restartedMain] INFO  org.springframework.web.servlet.handler.SimpleUrlHandlerMapping- Mapped URL path [/static/**] onto handler of type [class org.springframework.web.servlet.resource.ResourceHttpRequestHandler]
 2018/10/20-04:39 [restartedMain] INFO  org.springframework.boot.autoconfigure.web.servlet.WelcomePageHandlerMapping- Adding welcome page template: index
 2018/10/20-04:39 [restartedMain] INFO  org.springframework.boot.devtools.autoconfigure.OptionalLiveReloadServer- LiveReload server is running on port 35729
 2018/10/20-04:39 [restartedMain] INFO  org.springframework.jmx.export.annotation.AnnotationMBeanExporter- Registering beans for JMX exposure on startup
 2018/10/20-04:39 [restartedMain] INFO  org.springframework.jmx.export.annotation.AnnotationMBeanExporter- Bean with name 'statFilter' has been autodetected for JMX exposure
 2018/10/20-04:39 [restartedMain] INFO  org.springframework.jmx.export.annotation.AnnotationMBeanExporter- Bean with name 'dataSource' has been autodetected for JMX exposure
 2018/10/20-04:39 [restartedMain] INFO  org.springframework.jmx.export.annotation.AnnotationMBeanExporter- Located MBean 'dataSource': registering with JMX server as MBean [com.alibaba.druid.spring.boot.autoconfigure:name=dataSource,type=DruidDataSourceWrapper]
 2018/10/20-04:39 [restartedMain] INFO  org.springframework.jmx.export.annotation.AnnotationMBeanExporter- Located MBean 'statFilter': registering with JMX server as MBean [com.alibaba.druid.filter.stat:name=statFilter,type=StatFilter]
 2018/10/20-04:39 [restartedMain] INFO  org.springframework.boot.web.embedded.tomcat.TomcatWebServer- Tomcat started on port(s): 8088 (http) with context path ''
 2018/10/20-04:39 [restartedMain] INFO  cn.com.wmc.SpringbootRedisApplication- Started SpringbootRedisApplication in 1.964 seconds (JVM running for 19875.406)
 2018/10/20-04:39 [restartedMain] INFO  org.springframework.boot.devtools.autoconfigure.ConditionEvaluationDeltaLoggingListener- Condition evaluation unchanged
 2018/10/20-04:39 [main] INFO  cn.com.wmc.SpringbootRedisApplicationTests- Starting SpringbootRedisApplicationTests on cec-PC with PID 26996 (started by cec in D:\eclipsework\springboot-redis)
 2018/10/20-04:39 [main] INFO  cn.com.wmc.SpringbootRedisApplicationTests- No active profile set, falling back to default profiles: default
 2018/10/20-04:39 [main] INFO  org.springframework.web.context.support.GenericWebApplicationContext- Refreshing org.springframework.web.context.support.GenericWebApplicationContext@61c4eee0: startup date [Sat Oct 20 04:39:56 CST 2018]; root of context hierarchy
 2018/10/20-04:39 [main] INFO  org.springframework.data.repository.config.RepositoryConfigurationDelegate- Multiple Spring Data modules found, entering strict repository configuration mode!
 2018/10/20-04:39 [main] INFO  org.springframework.context.support.PostProcessorRegistrationDelegate$BeanPostProcessorChecker- Bean 'org.springframework.transaction.annotation.ProxyTransactionManagementConfiguration' of type [org.springframework.transaction.annotation.ProxyTransactionManagementConfiguration$$EnhancerBySpringCGLIB$$77f181e3] is not eligible for getting processed by all BeanPostProcessors (for example: not eligible for auto-proxying)
 2018/10/20-04:40 [main] INFO  com.alibaba.druid.spring.boot.autoconfigure.DruidDataSourceAutoConfigure- Init DruidDataSource
 2018/10/20-04:40 [main] INFO  com.alibaba.druid.pool.DruidDataSource- {dataSource-1} inited
 2018/10/20-04:40 [main] INFO  org.springframework.web.servlet.handler.SimpleUrlHandlerMapping- Mapped URL path [/**/favicon.ico] onto handler of type [class org.springframework.web.servlet.resource.ResourceHttpRequestHandler]
 2018/10/20-04:40 [main] INFO  org.springframework.web.servlet.mvc.method.annotation.RequestMappingHandlerAdapter- Looking for @ControllerAdvice: org.springframework.web.context.support.GenericWebApplicationContext@61c4eee0: startup date [Sat Oct 20 04:39:56 CST 2018]; root of context hierarchy
 2018/10/20-04:40 [main] INFO  org.springframework.web.servlet.mvc.method.annotation.RequestMappingHandlerMapping- Mapped "{[/prescriptionController/update]}" onto public java.lang.String cn.com.wmc.controller.PrescriptionController.update(cn.com.wmc.entity.PrescriptionVO)
 2018/10/20-04:40 [main] INFO  org.springframework.web.servlet.mvc.method.annotation.RequestMappingHandlerMapping- Mapped "{[/prescriptionController/delete]}" onto public java.lang.String cn.com.wmc.controller.PrescriptionController.delete(java.lang.Integer)
 2018/10/20-04:40 [main] INFO  org.springframework.web.servlet.mvc.method.annotation.RequestMappingHandlerMapping- Mapped "{[/prescriptionController/list]}" onto public java.lang.String cn.com.wmc.controller.PrescriptionController.list(java.util.Map<java.lang.String, java.lang.Object>,javax.servlet.http.HttpServletRequest)
 2018/10/20-04:40 [main] INFO  org.springframework.web.servlet.mvc.method.annotation.RequestMappingHandlerMapping- Mapped "{[/prescriptionController/index]}" onto public java.lang.String cn.com.wmc.controller.PrescriptionController.list()
 2018/10/20-04:40 [main] INFO  org.springframework.web.servlet.mvc.method.annotation.RequestMappingHandlerMapping- Mapped "{[/prescriptionController/save]}" onto public java.lang.String cn.com.wmc.controller.PrescriptionController.save(cn.com.wmc.entity.PrescriptionVO)
 2018/10/20-04:40 [main] INFO  org.springframework.web.servlet.mvc.method.annotation.RequestMappingHandlerMapping- Mapped "{[/prescriptionController/info]}" onto public cn.com.wmc.entity.PrescriptionVO cn.com.wmc.controller.PrescriptionController.info(java.lang.Integer)
 2018/10/20-04:40 [main] INFO  org.springframework.web.servlet.mvc.method.annotation.RequestMappingHandlerMapping- Mapped "{[/prescriptionController/ttt]}" onto public java.lang.String cn.com.wmc.controller.PrescriptionController.adddd()
 2018/10/20-04:40 [main] INFO  org.springframework.web.servlet.mvc.method.annotation.RequestMappingHandlerMapping- Mapped "{[/prescriptionController/deletes]}" onto public java.lang.String cn.com.wmc.controller.PrescriptionController.deletes(java.lang.Integer[])
 2018/10/20-04:40 [main] INFO  org.springframework.web.servlet.mvc.method.annotation.RequestMappingHandlerMapping- Mapped "{[/error]}" onto public org.springframework.http.ResponseEntity<java.util.Map<java.lang.String, java.lang.Object>> org.springframework.boot.autoconfigure.web.servlet.error.BasicErrorController.error(javax.servlet.http.HttpServletRequest)
 2018/10/20-04:40 [main] INFO  org.springframework.web.servlet.mvc.method.annotation.RequestMappingHandlerMapping- Mapped "{[/error],produces=[text/html]}" onto public org.springframework.web.servlet.ModelAndView org.springframework.boot.autoconfigure.web.servlet.error.BasicErrorController.errorHtml(javax.servlet.http.HttpServletRequest,javax.servlet.http.HttpServletResponse)
 2018/10/20-04:40 [main] INFO  org.springframework.web.servlet.handler.SimpleUrlHandlerMapping- Mapped URL path [/webjars/**] onto handler of type [class org.springframework.web.servlet.resource.ResourceHttpRequestHandler]
 2018/10/20-04:40 [main] INFO  org.springframework.web.servlet.handler.SimpleUrlHandlerMapping- Mapped URL path [/static/**] onto handler of type [class org.springframework.web.servlet.resource.ResourceHttpRequestHandler]
 2018/10/20-04:40 [main] INFO  org.springframework.boot.autoconfigure.web.servlet.WelcomePageHandlerMapping- Adding welcome page template: index
 2018/10/20-04:40 [main] INFO  cn.com.wmc.SpringbootRedisApplicationTests- Started SpringbootRedisApplicationTests in 12.439 seconds (JVM running for 14.785)
 2018/10/20-04:40 [main] INFO  io.lettuce.core.EpollProvider- Starting without optional epoll library
 2018/10/20-04:40 [main] INFO  io.lettuce.core.KqueueProvider- Starting without optional kqueue library
 2018/10/20-04:40 [main] DEBUG cn.com.wmc.dao.PrescriptionDao- Cache Hit Ratio [cn.com.wmc.dao.PrescriptionDao]: 0.0
 2018/10/20-04:40 [main] DEBUG cn.com.wmc.dao.PrescriptionDao.selectById- ==>  Preparing: select * from prescription where id = ? 
 2018/10/20-04:40 [main] DEBUG cn.com.wmc.dao.PrescriptionDao.selectById- ==> Parameters: 14(Integer)
 2018/10/20-04:40 [main] DEBUG cn.com.wmc.dao.PrescriptionDao.selectById- <==      Total: 1
 2018/10/20-04:40 [Thread-3] INFO  org.springframework.web.context.support.GenericWebApplicationContext- Closing org.springframework.web.context.support.GenericWebApplicationContext@61c4eee0: startup date [Sat Oct 20 04:39:56 CST 2018]; root of context hierarchy
 2018/10/20-04:40 [Thread-3] INFO  com.alibaba.druid.pool.DruidDataSource- {dataSource-1} closed
 2018/10/20-04:41 [main] INFO  cn.com.wmc.SpringbootRedisApplicationTests- Starting SpringbootRedisApplicationTests on cec-PC with PID 10724 (started by cec in D:\eclipsework\springboot-redis)
 2018/10/20-04:41 [main] INFO  cn.com.wmc.SpringbootRedisApplicationTests- No active profile set, falling back to default profiles: default
 2018/10/20-04:41 [main] INFO  org.springframework.web.context.support.GenericWebApplicationContext- Refreshing org.springframework.web.context.support.GenericWebApplicationContext@61c4eee0: startup date [Sat Oct 20 04:41:04 CST 2018]; root of context hierarchy
 2018/10/20-04:41 [main] INFO  org.springframework.data.repository.config.RepositoryConfigurationDelegate- Multiple Spring Data modules found, entering strict repository configuration mode!
 2018/10/20-04:41 [main] INFO  org.springframework.context.support.PostProcessorRegistrationDelegate$BeanPostProcessorChecker- Bean 'org.springframework.transaction.annotation.ProxyTransactionManagementConfiguration' of type [org.springframework.transaction.annotation.ProxyTransactionManagementConfiguration$$EnhancerBySpringCGLIB$$d88f4ac0] is not eligible for getting processed by all BeanPostProcessors (for example: not eligible for auto-proxying)
 2018/10/20-04:41 [main] INFO  com.alibaba.druid.spring.boot.autoconfigure.DruidDataSourceAutoConfigure- Init DruidDataSource
 2018/10/20-04:41 [main] INFO  com.alibaba.druid.pool.DruidDataSource- {dataSource-1} inited
 2018/10/20-04:41 [main] INFO  org.springframework.web.servlet.handler.SimpleUrlHandlerMapping- Mapped URL path [/**/favicon.ico] onto handler of type [class org.springframework.web.servlet.resource.ResourceHttpRequestHandler]
 2018/10/20-04:41 [main] INFO  org.springframework.web.servlet.mvc.method.annotation.RequestMappingHandlerAdapter- Looking for @ControllerAdvice: org.springframework.web.context.support.GenericWebApplicationContext@61c4eee0: startup date [Sat Oct 20 04:41:04 CST 2018]; root of context hierarchy
 2018/10/20-04:41 [main] INFO  org.springframework.web.servlet.mvc.method.annotation.RequestMappingHandlerMapping- Mapped "{[/prescriptionController/update]}" onto public java.lang.String cn.com.wmc.controller.PrescriptionController.update(cn.com.wmc.entity.PrescriptionVO)
 2018/10/20-04:41 [main] INFO  org.springframework.web.servlet.mvc.method.annotation.RequestMappingHandlerMapping- Mapped "{[/prescriptionController/delete]}" onto public java.lang.String cn.com.wmc.controller.PrescriptionController.delete(java.lang.Integer)
 2018/10/20-04:41 [main] INFO  org.springframework.web.servlet.mvc.method.annotation.RequestMappingHandlerMapping- Mapped "{[/prescriptionController/list]}" onto public java.lang.String cn.com.wmc.controller.PrescriptionController.list(java.util.Map<java.lang.String, java.lang.Object>,javax.servlet.http.HttpServletRequest)
 2018/10/20-04:41 [main] INFO  org.springframework.web.servlet.mvc.method.annotation.RequestMappingHandlerMapping- Mapped "{[/prescriptionController/index]}" onto public java.lang.String cn.com.wmc.controller.PrescriptionController.list()
 2018/10/20-04:41 [main] INFO  org.springframework.web.servlet.mvc.method.annotation.RequestMappingHandlerMapping- Mapped "{[/prescriptionController/save]}" onto public java.lang.String cn.com.wmc.controller.PrescriptionController.save(cn.com.wmc.entity.PrescriptionVO)
 2018/10/20-04:41 [main] INFO  org.springframework.web.servlet.mvc.method.annotation.RequestMappingHandlerMapping- Mapped "{[/prescriptionController/info]}" onto public cn.com.wmc.entity.PrescriptionVO cn.com.wmc.controller.PrescriptionController.info(java.lang.Integer)
 2018/10/20-04:41 [main] INFO  org.springframework.web.servlet.mvc.method.annotation.RequestMappingHandlerMapping- Mapped "{[/prescriptionController/deletes]}" onto public java.lang.String cn.com.wmc.controller.PrescriptionController.deletes(java.lang.Integer[])
 2018/10/20-04:41 [main] INFO  org.springframework.web.servlet.mvc.method.annotation.RequestMappingHandlerMapping- Mapped "{[/prescriptionController/ttt]}" onto public java.lang.String cn.com.wmc.controller.PrescriptionController.adddd()
 2018/10/20-04:41 [main] INFO  org.springframework.web.servlet.mvc.method.annotation.RequestMappingHandlerMapping- Mapped "{[/error]}" onto public org.springframework.http.ResponseEntity<java.util.Map<java.lang.String, java.lang.Object>> org.springframework.boot.autoconfigure.web.servlet.error.BasicErrorController.error(javax.servlet.http.HttpServletRequest)
 2018/10/20-04:41 [main] INFO  org.springframework.web.servlet.mvc.method.annotation.RequestMappingHandlerMapping- Mapped "{[/error],produces=[text/html]}" onto public org.springframework.web.servlet.ModelAndView org.springframework.boot.autoconfigure.web.servlet.error.BasicErrorController.errorHtml(javax.servlet.http.HttpServletRequest,javax.servlet.http.HttpServletResponse)
 2018/10/20-04:41 [main] INFO  org.springframework.web.servlet.handler.SimpleUrlHandlerMapping- Mapped URL path [/webjars/**] onto handler of type [class org.springframework.web.servlet.resource.ResourceHttpRequestHandler]
 2018/10/20-04:41 [main] INFO  org.springframework.web.servlet.handler.SimpleUrlHandlerMapping- Mapped URL path [/static/**] onto handler of type [class org.springframework.web.servlet.resource.ResourceHttpRequestHandler]
 2018/10/20-04:41 [main] INFO  org.springframework.boot.autoconfigure.web.servlet.WelcomePageHandlerMapping- Adding welcome page template: index
 2018/10/20-04:41 [main] INFO  cn.com.wmc.SpringbootRedisApplicationTests- Started SpringbootRedisApplicationTests in 12.477 seconds (JVM running for 14.945)
 2018/10/20-04:41 [main] INFO  io.lettuce.core.EpollProvider- Starting without optional epoll library
 2018/10/20-04:41 [main] INFO  io.lettuce.core.KqueueProvider- Starting without optional kqueue library
 2018/10/20-04:41 [main] DEBUG cn.com.wmc.dao.PrescriptionDao- Cache Hit Ratio [cn.com.wmc.dao.PrescriptionDao]: 1.0
 2018/10/20-04:41 [Thread-3] INFO  org.springframework.web.context.support.GenericWebApplicationContext- Closing org.springframework.web.context.support.GenericWebApplicationContext@61c4eee0: startup date [Sat Oct 20 04:41:04 CST 2018]; root of context hierarchy
 2018/10/20-04:41 [Thread-3] INFO  com.alibaba.druid.pool.DruidDataSource- {dataSource-1} closed
 2018/10/20-04:43 [Thread-154] INFO  org.springframework.boot.web.servlet.context.AnnotationConfigServletWebServerApplicationContext- Closing org.springframework.boot.web.servlet.context.AnnotationConfigServletWebServerApplicationContext@4a271f7b: startup date [Sat Oct 20 04:39:30 CST 2018]; root of context hierarchy
 2018/10/20-04:43 [Thread-154] INFO  org.springframework.jmx.export.annotation.AnnotationMBeanExporter- Unregistering JMX-exposed beans on shutdown
 2018/10/20-04:43 [Thread-154] INFO  org.springframework.jmx.export.annotation.AnnotationMBeanExporter- Unregistering JMX-exposed beans
 2018/10/20-04:43 [Thread-154] INFO  com.alibaba.druid.pool.DruidDataSource- {dataSource-26} closed
 2018/10/20-04:43 [restartedMain] INFO  cn.com.wmc.SpringbootRedisApplication- Starting SpringbootRedisApplication on cec-PC with PID 26492 (D:\eclipsework\springboot-redis\target\classes started by cec in D:\eclipsework\springboot-redis)
 2018/10/20-04:43 [restartedMain] INFO  cn.com.wmc.SpringbootRedisApplication- No active profile set, falling back to default profiles: default
 2018/10/20-04:43 [restartedMain] INFO  org.springframework.boot.web.servlet.context.AnnotationConfigServletWebServerApplicationContext- Refreshing org.springframework.boot.web.servlet.context.AnnotationConfigServletWebServerApplicationContext@7b2484e9: startup date [Sat Oct 20 04:43:10 CST 2018]; root of context hierarchy
 2018/10/20-04:43 [restartedMain] INFO  org.springframework.data.repository.config.RepositoryConfigurationDelegate- Multiple Spring Data modules found, entering strict repository configuration mode!
 2018/10/20-04:43 [restartedMain] INFO  org.springframework.context.support.PostProcessorRegistrationDelegate$BeanPostProcessorChecker- Bean 'org.springframework.transaction.annotation.ProxyTransactionManagementConfiguration' of type [org.springframework.transaction.annotation.ProxyTransactionManagementConfiguration$$EnhancerBySpringCGLIB$$d1ec161] is not eligible for getting processed by all BeanPostProcessors (for example: not eligible for auto-proxying)
 2018/10/20-04:43 [restartedMain] INFO  org.springframework.boot.web.embedded.tomcat.TomcatWebServer- Tomcat initialized with port(s): 8088 (http)
 2018/10/20-04:43 [restartedMain] INFO  org.apache.catalina.core.StandardService- Starting service [Tomcat]
 2018/10/20-04:43 [restartedMain] INFO  org.apache.catalina.core.StandardEngine- Starting Servlet Engine: Apache Tomcat/8.5.34
 2018/10/20-04:43 [localhost-startStop-1] INFO  org.apache.jasper.servlet.TldScanner- At least one JAR was scanned for TLDs yet contained no TLDs. Enable debug logging for this logger for a complete list of JARs that were scanned but no TLDs were found in them. Skipping unneeded JARs during scanning can improve startup time and JSP compilation time.
 2018/10/20-04:43 [localhost-startStop-1] INFO  org.apache.catalina.core.ContainerBase.[Tomcat].[localhost].[/]- Initializing Spring embedded WebApplicationContext
 2018/10/20-04:43 [localhost-startStop-1] INFO  org.springframework.web.context.ContextLoader- Root WebApplicationContext: initialization completed in 1255 ms
 2018/10/20-04:43 [localhost-startStop-1] INFO  org.springframework.boot.web.servlet.ServletRegistrationBean- Servlet dispatcherServlet mapped to [/]
 2018/10/20-04:43 [localhost-startStop-1] INFO  org.springframework.boot.web.servlet.ServletRegistrationBean- Servlet statViewServlet mapped to [/druid/*]
 2018/10/20-04:43 [localhost-startStop-1] INFO  org.springframework.boot.web.servlet.FilterRegistrationBean- Mapping filter: 'characterEncodingFilter' to: [/*]
 2018/10/20-04:43 [localhost-startStop-1] INFO  org.springframework.boot.web.servlet.FilterRegistrationBean- Mapping filter: 'hiddenHttpMethodFilter' to: [/*]
 2018/10/20-04:43 [localhost-startStop-1] INFO  org.springframework.boot.web.servlet.FilterRegistrationBean- Mapping filter: 'httpPutFormContentFilter' to: [/*]
 2018/10/20-04:43 [localhost-startStop-1] INFO  org.springframework.boot.web.servlet.FilterRegistrationBean- Mapping filter: 'requestContextFilter' to: [/*]
 2018/10/20-04:43 [localhost-startStop-1] INFO  org.springframework.boot.web.servlet.FilterRegistrationBean- Mapping filter: 'webStatFilter' to urls: [/*]
 2018/10/20-04:43 [restartedMain] INFO  com.alibaba.druid.spring.boot.autoconfigure.DruidDataSourceAutoConfigure- Init DruidDataSource
 2018/10/20-04:43 [restartedMain] INFO  com.alibaba.druid.pool.DruidDataSource- {dataSource-27} inited
 2018/10/20-04:43 [restartedMain] INFO  org.springframework.web.servlet.handler.SimpleUrlHandlerMapping- Mapped URL path [/**/favicon.ico] onto handler of type [class org.springframework.web.servlet.resource.ResourceHttpRequestHandler]
 2018/10/20-04:43 [restartedMain] INFO  org.springframework.web.servlet.mvc.method.annotation.RequestMappingHandlerAdapter- Looking for @ControllerAdvice: org.springframework.boot.web.servlet.context.AnnotationConfigServletWebServerApplicationContext@7b2484e9: startup date [Sat Oct 20 04:43:10 CST 2018]; root of context hierarchy
 2018/10/20-04:43 [restartedMain] INFO  org.springframework.web.servlet.mvc.method.annotation.RequestMappingHandlerMapping- Mapped "{[/prescriptionController/update]}" onto public java.lang.String cn.com.wmc.controller.PrescriptionController.update(cn.com.wmc.entity.PrescriptionVO)
 2018/10/20-04:43 [restartedMain] INFO  org.springframework.web.servlet.mvc.method.annotation.RequestMappingHandlerMapping- Mapped "{[/prescriptionController/delete]}" onto public java.lang.String cn.com.wmc.controller.PrescriptionController.delete(java.lang.Integer)
 2018/10/20-04:43 [restartedMain] INFO  org.springframework.web.servlet.mvc.method.annotation.RequestMappingHandlerMapping- Mapped "{[/prescriptionController/list]}" onto public java.lang.String cn.com.wmc.controller.PrescriptionController.list(java.util.Map<java.lang.String, java.lang.Object>,javax.servlet.http.HttpServletRequest)
 2018/10/20-04:43 [restartedMain] INFO  org.springframework.web.servlet.mvc.method.annotation.RequestMappingHandlerMapping- Mapped "{[/prescriptionController/index]}" onto public java.lang.String cn.com.wmc.controller.PrescriptionController.list()
 2018/10/20-04:43 [restartedMain] INFO  org.springframework.web.servlet.mvc.method.annotation.RequestMappingHandlerMapping- Mapped "{[/prescriptionController/save]}" onto public java.lang.String cn.com.wmc.controller.PrescriptionController.save(cn.com.wmc.entity.PrescriptionVO)
 2018/10/20-04:43 [restartedMain] INFO  org.springframework.web.servlet.mvc.method.annotation.RequestMappingHandlerMapping- Mapped "{[/prescriptionController/info]}" onto public cn.com.wmc.entity.PrescriptionVO cn.com.wmc.controller.PrescriptionController.info(java.lang.Integer)
 2018/10/20-04:43 [restartedMain] INFO  org.springframework.web.servlet.mvc.method.annotation.RequestMappingHandlerMapping- Mapped "{[/prescriptionController/ttt]}" onto public java.lang.String cn.com.wmc.controller.PrescriptionController.adddd()
 2018/10/20-04:43 [restartedMain] INFO  org.springframework.web.servlet.mvc.method.annotation.RequestMappingHandlerMapping- Mapped "{[/prescriptionController/deletes]}" onto public java.lang.String cn.com.wmc.controller.PrescriptionController.deletes(java.lang.Integer[])
 2018/10/20-04:43 [restartedMain] INFO  org.springframework.web.servlet.mvc.method.annotation.RequestMappingHandlerMapping- Mapped "{[/error]}" onto public org.springframework.http.ResponseEntity<java.util.Map<java.lang.String, java.lang.Object>> org.springframework.boot.autoconfigure.web.servlet.error.BasicErrorController.error(javax.servlet.http.HttpServletRequest)
 2018/10/20-04:43 [restartedMain] INFO  org.springframework.web.servlet.mvc.method.annotation.RequestMappingHandlerMapping- Mapped "{[/error],produces=[text/html]}" onto public org.springframework.web.servlet.ModelAndView org.springframework.boot.autoconfigure.web.servlet.error.BasicErrorController.errorHtml(javax.servlet.http.HttpServletRequest,javax.servlet.http.HttpServletResponse)
 2018/10/20-04:43 [restartedMain] INFO  org.springframework.web.servlet.handler.SimpleUrlHandlerMapping- Mapped URL path [/webjars/**] onto handler of type [class org.springframework.web.servlet.resource.ResourceHttpRequestHandler]
 2018/10/20-04:43 [restartedMain] INFO  org.springframework.web.servlet.handler.SimpleUrlHandlerMapping- Mapped URL path [/static/**] onto handler of type [class org.springframework.web.servlet.resource.ResourceHttpRequestHandler]
 2018/10/20-04:43 [restartedMain] INFO  org.springframework.boot.autoconfigure.web.servlet.WelcomePageHandlerMapping- Adding welcome page template: index
 2018/10/20-04:43 [restartedMain] INFO  org.springframework.boot.devtools.autoconfigure.OptionalLiveReloadServer- LiveReload server is running on port 35729
 2018/10/20-04:43 [restartedMain] INFO  org.springframework.jmx.export.annotation.AnnotationMBeanExporter- Registering beans for JMX exposure on startup
 2018/10/20-04:43 [restartedMain] INFO  org.springframework.jmx.export.annotation.AnnotationMBeanExporter- Bean with name 'statFilter' has been autodetected for JMX exposure
 2018/10/20-04:43 [restartedMain] INFO  org.springframework.jmx.export.annotation.AnnotationMBeanExporter- Bean with name 'dataSource' has been autodetected for JMX exposure
 2018/10/20-04:43 [restartedMain] INFO  org.springframework.jmx.export.annotation.AnnotationMBeanExporter- Located MBean 'dataSource': registering with JMX server as MBean [com.alibaba.druid.spring.boot.autoconfigure:name=dataSource,type=DruidDataSourceWrapper]
 2018/10/20-04:43 [restartedMain] INFO  org.springframework.jmx.export.annotation.AnnotationMBeanExporter- Located MBean 'statFilter': registering with JMX server as MBean [com.alibaba.druid.filter.stat:name=statFilter,type=StatFilter]
 2018/10/20-04:43 [restartedMain] INFO  org.springframework.boot.web.embedded.tomcat.TomcatWebServer- Tomcat started on port(s): 8088 (http) with context path ''
 2018/10/20-04:43 [restartedMain] INFO  cn.com.wmc.SpringbootRedisApplication- Started SpringbootRedisApplication in 2.233 seconds (JVM running for 20094.758)
 2018/10/20-04:43 [restartedMain] INFO  org.springframework.boot.devtools.autoconfigure.ConditionEvaluationDeltaLoggingListener- Condition evaluation unchanged
 